<?xml version="1.0" encoding="UTF-8"?>
<!-- Generated by org.testng.reporters.JUnitXMLReporter -->
<testsuite ignored="0" hostname="Wonder" failures="0" tests="3" name="Test" time="16.823" errors="0" timestamp="2023-09-30T12:59:33 IST">
  <testcase classname="testng_Script.TestScript_1" name="test1" time="0.01"/>
  <testcase classname="testng_Script.TestScript_2" name="test2" time="0.003"/>
  <testcase classname="testng_Script.Sample" name="test1" time="8.122"/>
</testsuite> <!-- Test -->
