<?xml version="1.0" encoding="UTF-8"?>
<testng-results ignored="0" total="3" passed="3" failed="0" skipped="0">
  <reporter-output>
    <line>
      <![CDATA[Hello]]>
    </line>
    <line>
      <![CDATA[bye]]>
    </line>
  </reporter-output>
  <suite started-at="2023-09-30T12:59:16 IST" name="Suite" finished-at="2023-09-30T12:59:33 IST" duration-ms="16823">
    <groups>
    </groups>
    <test started-at="2023-09-30T12:59:16 IST" name="Test" finished-at="2023-09-30T12:59:33 IST" duration-ms="16823">
      <class name="testng_Script.Sample">
        <test-method is-config="true" signature="open_app()[pri:0, instance:testng_Script.Sample@3f07b12c]" started-at="2023-09-30T12:59:16 IST" name="open_app" finished-at="2023-09-30T12:59:22 IST" duration-ms="6429" status="PASS">
          <reporter-output>
          </reporter-output>
        </test-method> <!-- open_app -->
        <test-method signature="test1()[pri:0, instance:testng_Script.Sample@3f07b12c]" started-at="2023-09-30T12:59:22 IST" name="test1" finished-at="2023-09-30T12:59:31 IST" duration-ms="8122" status="PASS">
          <reporter-output>
          </reporter-output>
        </test-method> <!-- test1 -->
        <test-method is-config="true" signature="close_app()[pri:0, instance:testng_Script.Sample@3f07b12c]" started-at="2023-09-30T12:59:31 IST" name="close_app" finished-at="2023-09-30T12:59:33 IST" duration-ms="2195" status="PASS">
          <reporter-output>
          </reporter-output>
        </test-method> <!-- close_app -->
      </class> <!-- testng_Script.Sample -->
      <class name="testng_Script.TestScript_1">
        <test-method signature="test1()[pri:0, instance:testng_Script.TestScript_1@435fb7b5]" started-at="2023-09-30T12:59:16 IST" name="test1" finished-at="2023-09-30T12:59:16 IST" duration-ms="10" status="PASS">
          <reporter-output>
            <line>
              <![CDATA[Hello]]>
            </line>
          </reporter-output>
        </test-method> <!-- test1 -->
      </class> <!-- testng_Script.TestScript_1 -->
      <class name="testng_Script.TestScript_2">
        <test-method signature="test2()[pri:0, instance:testng_Script.TestScript_2@42f33b5d]" started-at="2023-09-30T12:59:16 IST" name="test2" finished-at="2023-09-30T12:59:16 IST" duration-ms="3" status="PASS">
          <reporter-output>
            <line>
              <![CDATA[bye]]>
            </line>
          </reporter-output>
        </test-method> <!-- test2 -->
      </class> <!-- testng_Script.TestScript_2 -->
    </test> <!-- Test -->
  </suite> <!-- Suite -->
</testng-results>
